/app/.secret.yaml:1:1: [warning] missing document start "---" (document-start)
/app/.secret.yaml:8:46: [error] no new line character at the end of file (new-line-at-end-of-file)
/app/Autoscaler.yaml:1:1: [warning] missing document start "---" (document-start)
/app/Autoscaler.yaml:13:3: [error] wrong indentation: expected 4 but found 2 (indentation)
/app/Autoscaler.yaml:19:4: [warning] missing starting space in comment (comments)
/app/Autoscaler.yaml:19:3: [warning] comment not indented like content (comments-indentation)
/app/reverse_proxy/kuberesources/values.external-dns.yaml:2:1: [warning] missing document start "---" (document-start)
/app/reverse_proxy/kuberesources/values.external-dns.yaml:13:14: [error] no new line character at the end of file (new-line-at-end-of-file)
/app/reverse_proxy/kuberesources/deployment.yaml:1:1: [warning] missing document start "---" (document-start)
/app/reverse_proxy/kuberesources/deployment.yaml:18:7: [error] wrong indentation: expected 8 but found 6 (indentation)
/app/reverse_proxy/kuberesources/deployment.yaml:20:32: [error] trailing spaces (trailing-spaces)
/app/reverse_proxy/kuberesources/deployment.yaml:27:24: [error] trailing spaces (trailing-spaces)
/app/reverse_proxy/kuberesources/deployment.yaml:29:9: [error] wrong indentation: expected 10 but found 8 (indentation)
/app/reverse_proxy/kuberesources/deployment.yaml:30:28: [error] no new line character at the end of file (new-line-at-end-of-file)
/app/reverse_proxy/kuberesources/service.yaml:1:1: [warning] missing document start "---" (document-start)
/app/reverse_proxy/kuberesources/service.yaml:9:3: [error] wrong indentation: expected 4 but found 2 (indentation)
/app/reverse_proxy/kuberesources/backend-api-ingress.yaml:1:1: [warning] missing document start "---" (document-start)
/app/reverse_proxy/kuberesources/backend-api-ingress.yaml:15:9: [error] wrong indentation: expected 10 but found 8 (indentation)
/app/reverse_proxy/kuberesources/values.nginx-ingress.yaml:1:1: [warning] missing document start "---" (document-start)
/app/reverse_proxy/kuberesources/values.nginx-ingress.yaml:2:81: [error] line too long (83 > 80 characters) (line-length)
/app/reverse_proxy/kuberesources/values.nginx-ingress.yaml:12:5: [warning] comment not indented like content (comments-indentation)
/app/reverse_proxy/kuberesources/values.nginx-ingress.yaml:12:81: [error] line too long (147 > 80 characters) (line-length)
/app/reverse_proxy/kuberesources/values.nginx-ingress.yaml:14:5: [warning] comment not indented like content (comments-indentation)
/app/reverse_proxy/kuberesources/values.nginx-ingress.yaml:18:18: [error] no new line character at the end of file (new-line-at-end-of-file)
/app/udagram-frontend/kuberesources/deployment.yaml:1:1: [warning] missing document start "---" (document-start)
/app/udagram-frontend/kuberesources/deployment.yaml:18:7: [error] wrong indentation: expected 8 but found 6 (indentation)
/app/udagram-frontend/kuberesources/deployment.yaml:21:9: [error] wrong indentation: expected 10 but found 8 (indentation)
/app/udagram-frontend/kuberesources/deployment.yaml:29:9: [error] no new line character at the end of file (new-line-at-end-of-file)
/app/udagram-frontend/kuberesources/deployment.yaml:29:1: [error] trailing spaces (trailing-spaces)
/app/udagram-frontend/kuberesources/service.yaml:1:1: [warning] missing document start "---" (document-start)
/app/udagram-frontend/kuberesources/service.yaml:7:1: [error] trailing spaces (trailing-spaces)
/app/udagram-frontend/kuberesources/service.yaml:10:3: [error] wrong indentation: expected 4 but found 2 (indentation)
/app/udagram-frontend/kuberesources/service.yaml:13:1: [error] trailing spaces (trailing-spaces)
/app/udagram-frontend/kuberesources/service.yaml:15:30: [error] no new line character at the end of file (new-line-at-end-of-file)
/app/udagram-api/udagram-api-feed/kuberesources/deployment.yaml:1:1: [warning] missing document start "---" (document-start)
/app/udagram-api/udagram-api-feed/kuberesources/deployment.yaml:18:7: [error] wrong indentation: expected 8 but found 6 (indentation)
/app/udagram-api/udagram-api-feed/kuberesources/deployment.yaml:21:9: [error] wrong indentation: expected 10 but found 8 (indentation)
/app/udagram-api/udagram-api-feed/kuberesources/deployment.yaml:30:10: [error] wrong indentation: expected 10 but found 9 (indentation)
/app/udagram-api/udagram-api-feed/kuberesources/deployment.yaml:31:16: [error] wrong indentation: expected 13 but found 15 (indentation)
/app/udagram-api/udagram-api-feed/kuberesources/deployment.yaml:32:11: [error] syntax error: expected <block end>, but found '<block sequence start>' (syntax)
/app/udagram-api/udagram-api-feed/kuberesources/deployment.yaml:33:16: [error] wrong indentation: expected 14 but found 15 (indentation)
/app/udagram-api/udagram-api-feed/kuberesources/deployment.yaml:48:1: [error] trailing spaces (trailing-spaces)
/app/udagram-api/udagram-api-feed/kuberesources/deployment.yaml:49:11: [error] no new line character at the end of file (new-line-at-end-of-file)
/app/udagram-api/udagram-api-feed/kuberesources/deployment.yaml:49:1: [error] trailing spaces (trailing-spaces)
/app/udagram-api/udagram-api-feed/kuberesources/service.yaml:1:1: [warning] missing document start "---" (document-start)
/app/udagram-api/udagram-api-feed/kuberesources/service.yaml:9:3: [error] wrong indentation: expected 4 but found 2 (indentation)
/app/udagram-api/udagram-api-feed/kuberesources/service.yaml:12:34: [error] no new line character at the end of file (new-line-at-end-of-file)
/app/udagram-api/udagram-api-feed/kuberesources/pod.yaml:1:1: [warning] missing document start "---" (document-start)
/app/udagram-api/udagram-api-feed/kuberesources/pod.yaml:10:3: [error] wrong indentation: expected 4 but found 2 (indentation)
/app/udagram-api/udagram-api-feed/kuberesources/pod.yaml:13:5: [error] wrong indentation: expected 6 but found 4 (indentation)
/app/udagram-api/udagram-api-feed/kuberesources/pod.yaml:22:32: [error] trailing spaces (trailing-spaces)
/app/udagram-api/udagram-api-feed/kuberesources/pod.yaml:39:37: [error] no new line character at the end of file (new-line-at-end-of-file)
/app/udagram-api/udagram-api-user/kuberesources/deployment.yaml:1:1: [warning] missing document start "---" (document-start)
/app/udagram-api/udagram-api-user/kuberesources/deployment.yaml:18:7: [error] wrong indentation: expected 8 but found 6 (indentation)
/app/udagram-api/udagram-api-user/kuberesources/deployment.yaml:21:9: [error] wrong indentation: expected 10 but found 8 (indentation)
/app/udagram-api/udagram-api-user/kuberesources/deployment.yaml:30:36: [error] trailing spaces (trailing-spaces)
/app/udagram-api/udagram-api-user/kuberesources/deployment.yaml:47:81: [error] line too long (101 > 80 characters) (line-length)
/app/udagram-api/udagram-api-user/kuberesources/deployment.yaml:47:102: [error] no new line character at the end of file (new-line-at-end-of-file)
/app/udagram-api/udagram-api-user/kuberesources/service.yaml:1:1: [warning] missing document start "---" (document-start)
/app/udagram-api/udagram-api-user/kuberesources/service.yaml:9:3: [error] wrong indentation: expected 4 but found 2 (indentation)
/app/udagram-api/udagram-api-user/kuberesources/service.yaml:12:35: [error] no new line character at the end of file (new-line-at-end-of-file)
/app/.travis.yml:1:1: [warning] missing document start "---" (document-start)
/app/.travis.yml:23:81: [error] line too long (92 > 80 characters) (line-length)
/app/.travis.yml:33:81: [error] line too long (90 > 80 characters) (line-length)
/app/.travis.yml:38:21: [error] trailing spaces (trailing-spaces)
/app/.travis.yml:43:81: [error] line too long (82 > 80 characters) (line-length)
/app/.travis.yml:45:1: [error] trailing spaces (trailing-spaces)
/app/.travis.yml:51:81: [error] line too long (82 > 80 characters) (line-length)
/app/.travis.yml:52:44: [error] no new line character at the end of file (new-line-at-end-of-file)
/app/.travis.yml:52:43: [error] trailing spaces (trailing-spaces)
